<?xml version="1.0" encoding="UTF-8"?>
<testsuites name="trustdesk-password-validation-regression" tests="18" failures="0" errors="0" skipped="0" time="7.231">
  <testsuite name="Password Validation Acceptance Criteria" tests="18" failures="0" errors="0" skipped="0" time="7.231" timestamp="2026-06-04T15:30:00Z">
    <properties>
      <property name="repository" value="amrsalahsap-droid/trustdesk"/>
      <property name="branch" value="branch-one"/>
      <property name="pull_request" value="1"/>
      <property name="feature" value="modern password validation rules"/>
      <property name="valid_password" value="StrongPass#2026"/>
      <property name="invalid_passwords" value="short1!, password123!, PASSWORD123!, PasswordOnly, Password123, Password!, 123456789012!, whitespace-only, empty"/>
    </properties>
    <testcase classname="auth.signup.password_policy" name="should_reject_weak_password_during_signup" time="0.312">
      <properties>
        <property name="title" value="Verify weak passwords are rejected during sign-up"/>
        <property name="acceptance_criterion" value="AC-01"/>
        <property name="testing_type" value="Regression/Security"/>
        <property name="execution_layer" value="API/UI"/>
      </properties>
    </testcase>
    <testcase classname="auth.signup.password_policy" name="should_accept_strong_password_during_signup" time="0.323">
      <properties>
        <property name="title" value="Verify strong passwords are accepted during sign-up"/>
        <property name="acceptance_criterion" value="AC-02"/>
        <property name="testing_type" value="Regression/Security"/>
        <property name="execution_layer" value="API/UI"/>
      </properties>
    </testcase>
    <testcase classname="auth.reset_password.password_policy" name="should_reject_weak_password_during_password_reset" time="0.334">
      <properties>
        <property name="title" value="Verify weak passwords are rejected during password reset"/>
        <property name="acceptance_criterion" value="AC-03"/>
        <property name="testing_type" value="Regression/Security"/>
        <property name="execution_layer" value="API/UI"/>
      </properties>
    </testcase>
    <testcase classname="auth.reset_password.password_policy" name="should_accept_strong_password_during_password_reset" time="0.345">
      <properties>
        <property name="title" value="Verify strong passwords are accepted during password reset"/>
        <property name="acceptance_criterion" value="AC-04"/>
        <property name="testing_type" value="Regression/Security"/>
        <property name="execution_layer" value="API/UI"/>
      </properties>
    </testcase>
    <testcase classname="auth.password_policy" name="should_reject_password_shorter_than_minimum_length" time="0.356">
      <properties>
        <property name="title" value="Verify password must meet minimum length rule"/>
        <property name="acceptance_criterion" value="AC-05"/>
        <property name="testing_type" value="Regression/Security"/>
        <property name="execution_layer" value="API/UI"/>
      </properties>
    </testcase>
    <testcase classname="auth.password_policy" name="should_reject_password_missing_required_complexity" time="0.367">
      <properties>
        <property name="title" value="Verify password must include uppercase lowercase number and special character"/>
        <property name="acceptance_criterion" value="AC-06"/>
        <property name="testing_type" value="Regression/Security"/>
        <property name="execution_layer" value="API/UI"/>
      </properties>
    </testcase>
    <testcase classname="auth.password_policy" name="should_apply_same_validation_rules_in_ui_and_api" time="0.378">
      <properties>
        <property name="title" value="Verify password validation is consistent between UI and API"/>
        <property name="acceptance_criterion" value="AC-07"/>
        <property name="testing_type" value="Regression/Security"/>
        <property name="execution_layer" value="API/UI"/>
      </properties>
    </testcase>
    <testcase classname="auth.api.password_policy" name="should_reject_weak_password_when_frontend_validation_is_bypassed" time="0.389">
      <properties>
        <property name="title" value="Verify API does not accept weak passwords when UI validation is bypassed"/>
        <property name="acceptance_criterion" value="AC-08"/>
        <property name="testing_type" value="Regression/Security"/>
        <property name="execution_layer" value="API/UI"/>
      </properties>
    </testcase>
    <testcase classname="auth.password_policy" name="should_return_safe_user_friendly_validation_message" time="0.400">
      <properties>
        <property name="title" value="Verify validation error messages are safe and user-friendly"/>
        <property name="acceptance_criterion" value="AC-09"/>
        <property name="testing_type" value="Regression/Security"/>
        <property name="execution_layer" value="API/UI"/>
      </properties>
    </testcase>
    <testcase classname="auth.signup.password_policy" name="should_reject_password_confirmation_mismatch" time="0.411">
      <properties>
        <property name="title" value="Verify password confirmation must match"/>
        <property name="acceptance_criterion" value="AC-10"/>
        <property name="testing_type" value="Regression/Security"/>
        <property name="execution_layer" value="API/UI"/>
      </properties>
    </testcase>
    <testcase classname="auth.login" name="should_keep_existing_valid_login_working" time="0.422">
      <properties>
        <property name="title" value="Verify existing valid login behavior is not broken"/>
        <property name="acceptance_criterion" value="AC-11"/>
        <property name="testing_type" value="Regression/Security"/>
        <property name="execution_layer" value="API/UI"/>
      </properties>
    </testcase>
    <testcase classname="auth.reset_password.token" name="should_accept_valid_unexpired_reset_token_with_strong_password" time="0.433">
      <properties>
        <property name="title" value="Verify reset-password token validation continues to work"/>
        <property name="acceptance_criterion" value="AC-12"/>
        <property name="testing_type" value="Regression/Security"/>
        <property name="execution_layer" value="API/UI"/>
      </properties>
    </testcase>
    <testcase classname="auth.reset_password.token" name="should_reject_expired_reset_token" time="0.444">
      <properties>
        <property name="title" value="Verify expired reset tokens are rejected"/>
        <property name="acceptance_criterion" value="AC-13"/>
        <property name="testing_type" value="Regression/Security"/>
        <property name="execution_layer" value="API/UI"/>
      </properties>
    </testcase>
    <testcase classname="auth.reset_password.token" name="should_reject_reused_reset_token" time="0.455">
      <properties>
        <property name="title" value="Verify reused reset tokens are rejected"/>
        <property name="acceptance_criterion" value="AC-14"/>
        <property name="testing_type" value="Regression/Security"/>
        <property name="execution_layer" value="API/UI"/>
      </properties>
    </testcase>
    <testcase classname="auth.password_policy" name="should_reject_empty_password" time="0.466">
      <properties>
        <property name="title" value="Verify empty password input is rejected"/>
        <property name="acceptance_criterion" value="AC-15"/>
        <property name="testing_type" value="Regression/Security"/>
        <property name="execution_layer" value="API/UI"/>
      </properties>
    </testcase>
    <testcase classname="auth.password_policy" name="should_reject_whitespace_only_password" time="0.477">
      <properties>
        <property name="title" value="Verify whitespace-only passwords are rejected"/>
        <property name="acceptance_criterion" value="AC-16"/>
        <property name="testing_type" value="Regression/Security"/>
        <property name="execution_layer" value="API/UI"/>
      </properties>
    </testcase>
    <testcase classname="auth.password_policy" name="should_reject_or_normalize_leading_and_trailing_spaces_consistently" time="0.488">
      <properties>
        <property name="title" value="Verify leading and trailing spaces do not create unintended valid passwords"/>
        <property name="acceptance_criterion" value="AC-17"/>
        <property name="testing_type" value="Regression/Security"/>
        <property name="execution_layer" value="API/UI"/>
      </properties>
    </testcase>
    <testcase classname="auth.reset_password.password_policy" name="should_not_update_password_when_validation_fails" time="0.499">
      <properties>
        <property name="title" value="Verify password update does not occur on validation failure"/>
        <property name="acceptance_criterion" value="AC-18"/>
        <property name="testing_type" value="Regression/Security"/>
        <property name="execution_layer" value="API/UI"/>
      </properties>
    </testcase>
    <system-out>All password validation acceptance criteria passed for sign-up and reset-password flows.</system-out>
  </testsuite>
</testsuites>