<?xml version="1.0" encoding="UTF-8"?>
<coverage line-rate="0.93" branch-rate="0.79" lines-covered="56" lines-valid="60" branches-covered="11" branches-valid="14" complexity="0" version="password-validation-sample" timestamp="1780600918">
  <sources>
    <source>.</source>
  </sources>
  <packages>
    <package name="src.app.api.auth.reset-password" line-rate="0.91" branch-rate="0.82" complexity="0">
      <classes>
        <class name="reset_password_route" filename="src/app/api/auth/reset-password/route.ts" line-rate="0.91" branch-rate="0.82" complexity="0">
          <methods/>
          <lines>
            <line number="8" hits="1" branch="false"/>
            <line number="12" hits="1" branch="false"/>
            <line number="18" hits="1" branch="false"/>
            <line number="25" hits="1" branch="true" condition-coverage="75% (3/4)"/>
            <line number="31" hits="1" branch="false"/>
            <line number="38" hits="1" branch="true" condition-coverage="75% (3/4)"/>
            <line number="44" hits="1" branch="false"/>
            <line number="52" hits="1" branch="false"/>
            <line number="61" hits="1" branch="true" condition-coverage="75% (3/4)"/>
            <line number="69" hits="1" branch="false"/>
            <line number="77" hits="0" branch="false"/>
            <line number="84" hits="1" branch="false"/>
          </lines>
        </class>
      </classes>
    </package>
    <package name="src.app.reset-password" line-rate="0.84" branch-rate="0.74" complexity="0">
      <classes>
        <class name="reset_password_page" filename="src/app/reset-password/page.tsx" line-rate="0.84" branch-rate="0.74" complexity="0">
          <methods/>
          <lines>
            <line number="10" hits="1" branch="false"/>
            <line number="16" hits="1" branch="false"/>
            <line number="22" hits="1" branch="true" condition-coverage="75% (3/4)"/>
            <line number="29" hits="1" branch="false"/>
            <line number="35" hits="1" branch="true" condition-coverage="75% (3/4)"/>
            <line number="43" hits="1" branch="false"/>
            <line number="51" hits="0" branch="false"/>
            <line number="59" hits="1" branch="false"/>
            <line number="67" hits="1" branch="true" condition-coverage="75% (3/4)"/>
            <line number="74" hits="1" branch="false"/>
          </lines>
        </class>
      </classes>
    </package>
    <package name="src.app.signup" line-rate="0.88" branch-rate="0.80" complexity="0">
      <classes>
        <class name="sign_up_form" filename="src/app/signup/sign-up-form.tsx" line-rate="0.88" branch-rate="0.80" complexity="0">
          <methods/>
          <lines>
            <line number="9" hits="1" branch="false"/>
            <line number="14" hits="1" branch="false"/>
            <line number="20" hits="1" branch="true" condition-coverage="75% (3/4)"/>
            <line number="28" hits="1" branch="false"/>
            <line number="34" hits="1" branch="true" condition-coverage="75% (3/4)"/>
            <line number="42" hits="1" branch="false"/>
            <line number="50" hits="1" branch="false"/>
            <line number="57" hits="0" branch="false"/>
            <line number="65" hits="1" branch="true" condition-coverage="75% (3/4)"/>
            <line number="73" hits="1" branch="false"/>
            <line number="81" hits="1" branch="false"/>
          </lines>
        </class>
      </classes>
    </package>
    <package name="src.modules.users" line-rate="0.93" branch-rate="0.86" complexity="0">
      <classes>
        <class name="sign_up_module" filename="src/modules/users/sign-up.ts" line-rate="0.93" branch-rate="0.86" complexity="0">
          <methods/>
          <lines>
            <line number="5" hits="1" branch="false"/>
            <line number="11" hits="1" branch="false"/>
            <line number="17" hits="1" branch="true" condition-coverage="75% (3/4)"/>
            <line number="24" hits="1" branch="false"/>
            <line number="32" hits="1" branch="true" condition-coverage="75% (3/4)"/>
            <line number="39" hits="1" branch="false"/>
            <line number="47" hits="1" branch="false"/>
            <line number="55" hits="1" branch="true" condition-coverage="75% (3/4)"/>
            <line number="63" hits="1" branch="false"/>
            <line number="71" hits="0" branch="false"/>
            <line number="79" hits="1" branch="false"/>
            <line number="87" hits="1" branch="false"/>
          </lines>
        </class>
      </classes>
    </package>
    <package name="src.modules.users.__tests__" line-rate="1.00" branch-rate="1.00" complexity="0">
      <classes>
        <class name="sign_up_tests" filename="src/modules/users/__tests__/sign-up.test.ts" line-rate="1.00" branch-rate="1.00" complexity="0">
          <methods/>
          <lines>
            <line number="6" hits="1" branch="false"/>
            <line number="13" hits="1" branch="false"/>
            <line number="21" hits="1" branch="false"/>
            <line number="29" hits="1" branch="false"/>
            <line number="37" hits="1" branch="false"/>
            <line number="45" hits="1" branch="false"/>
            <line number="53" hits="1" branch="false"/>
          </lines>
        </class>
      </classes>
    </package>
    <package name="src.integration" line-rate="0.95" branch-rate="0.90" complexity="0">
      <classes>
        <class name="auth_workflow_tests" filename="src/integration/auth-workflow.test.ts" line-rate="0.95" branch-rate="0.90" complexity="0">
          <methods/>
          <lines>
            <line number="7" hits="1" branch="false"/>
            <line number="15" hits="1" branch="false"/>
            <line number="23" hits="1" branch="true" condition-coverage="75% (3/4)"/>
            <line number="31" hits="1" branch="false"/>
            <line number="39" hits="1" branch="true" condition-coverage="75% (3/4)"/>
            <line number="48" hits="1" branch="false"/>
            <line number="57" hits="1" branch="false"/>
            <line number="66" hits="1" branch="false"/>
          </lines>
        </class>
      </classes>
    </package>
  </packages>
</coverage>