<?xml version="1.0" encoding="UTF-8"?>
<coverage line-rate="0.6667" branch-rate="0.5" lines-covered="10" lines-valid="15" branches-covered="2" branches-valid="4" complexity="0" version="1.9" timestamp="1710000000">
  <sources>
    <source>.</source>
  </sources>
  <packages>
    <package name="src.auth" line-rate="0.75" branch-rate="0.5" complexity="0">
      <classes>
        <class name="auth.middleware" filename="src/auth/middleware.ts" line-rate="0.75" branch-rate="0.5" complexity="0">
          <methods>
            <method name="validateToken" signature="()" line-rate="0.6" branch-rate="0.5" complexity="0">
              <lines>
                <line number="1" hits="3"/>
                <line number="2" hits="3"/>
                <line number="3" hits="3" branch="true" condition-coverage="50% (1/2)">
                  <conditions>
                    <condition number="0" type="jump" coverage="50%"/>
                  </conditions>
                </line>
                <line number="4" hits="0"/>
                <line number="5" hits="0"/>
              </lines>
            </method>
            <method name="attachUserContext" signature="()" line-rate="1.0" branch-rate="1.0" complexity="0">
              <lines>
                <line number="18" hits="2"/>
                <line number="19" hits="2"/>
                <line number="20" hits="2"/>
              </lines>
            </method>
          </methods>
          <lines>
            <line number="1" hits="3"/>
            <line number="2" hits="3"/>
            <line number="3" hits="3" branch="true" condition-coverage="50% (1/2)">
              <conditions>
                <condition number="0" type="jump" coverage="50%"/>
              </conditions>
            </line>
            <line number="4" hits="0"/>
            <line number="5" hits="0"/>
            <line number="18" hits="2"/>
            <line number="19" hits="2"/>
            <line number="20" hits="2"/>
          </lines>
        </class>
      </classes>
    </package>
    <package name="src.billing" line-rate="0.5714" branch-rate="0.5" complexity="0">
      <classes>
        <class name="billing.subscription" filename="src/billing/subscription.ts" line-rate="0.5714" branch-rate="0.5" complexity="0">
          <methods>
            <method name="calculateInvoice" signature="()" line-rate="1.0" branch-rate="1.0" complexity="0">
              <lines>
                <line number="1" hits="4"/>
                <line number="2" hits="4" branch="true" condition-coverage="50% (1/2)">
                  <conditions>
                    <condition number="0" type="jump" coverage="50%"/>
                  </conditions>
                </line>
                <line number="3" hits="4"/>
                <line number="4" hits="4"/>
              </lines>
            </method>
            <method name="applyTrialDiscount" signature="()" line-rate="0.0" branch-rate="0.0" complexity="0">
              <lines>
                <line number="22" hits="0"/>
                <line number="23" hits="0"/>
                <line number="24" hits="0"/>
              </lines>
            </method>
          </methods>
          <lines>
            <line number="1" hits="4"/>
            <line number="2" hits="4" branch="true" condition-coverage="50% (1/2)">
              <conditions>
                <condition number="0" type="jump" coverage="50%"/>
              </conditions>
            </line>
            <line number="3" hits="4"/>
            <line number="4" hits="4"/>
            <line number="22" hits="0"/>
            <line number="23" hits="0"/>
            <line number="24" hits="0"/>
          </lines>
        </class>
      </classes>
    </package>
  </packages>
</coverage>
