<?xml version="1.0" encoding="utf-8"?>
<testsuite name="suite_warnings" tests="25" time="0.05">
  <testcase name="test_warn_0" time="-1.0">
  </testcase>
  <testcase name="test_warn_1" time="-1.0">
  </testcase>
  <testcase name="test_warn_2" time="-1.0">
  </testcase>
  <testcase name="test_warn_3" time="-1.0">
  </testcase>
  <testcase name="test_warn_4" time="-1.0">
  </testcase>
  <testcase name="test_warn_5" time="-1.0">
  </testcase>
  <testcase name="test_warn_6" time="-1.0">
  </testcase>
  <testcase name="test_warn_7" time="-1.0">
  </testcase>
  <testcase name="test_warn_8" time="-1.0">
  </testcase>
  <testcase name="test_warn_9" time="-1.0">
  </testcase>
  <testcase name="test_warn_10" time="-1.0">
  </testcase>
  <testcase name="test_warn_11" time="-1.0">
  </testcase>
  <testcase name="test_warn_12" time="-1.0">
  </testcase>
  <testcase name="test_warn_13" time="-1.0">
  </testcase>
  <testcase name="test_warn_14" time="-1.0">
  </testcase>
  <testcase name="test_warn_15" time="-1.0">
  </testcase>
  <testcase name="test_warn_16" time="-1.0">
  </testcase>
  <testcase name="test_warn_17" time="-1.0">
  </testcase>
  <testcase name="test_warn_18" time="-1.0">
  </testcase>
  <testcase name="test_warn_19" time="-1.0">
  </testcase>
  <testcase name="test_warn_20" time="-1.0">
  </testcase>
  <testcase name="test_warn_21" time="-1.0">
  </testcase>
  <testcase name="test_warn_22" time="-1.0">
  </testcase>
  <testcase name="test_warn_23" time="-1.0">
  </testcase>
  <testcase name="test_warn_24" time="-1.0">
  </testcase>
</testsuite>
